<?xml version="1.0" encoding="UTF-8"?>
<!-- Generated by org.testng.reporters.JUnitXMLReporter -->
<testsuite hostname="uk-deepspace" name="Default test" tests="25" failures="0" timestamp="23 Nov 2012 09:34:39 GMT" time="3.048" errors="0">
  <testcase name="insertData" time="1.59" classname="tests.HibernateModelTests"/>
  <testcase name="insertDuplicateData" time="0.034" classname="tests.HibernateModelTests"/>
  <testcase name="updateData" time="0.04" classname="tests.HibernateModelTests"/>
  <testcase name="updateDataNonExisting" time="0.0020" classname="tests.HibernateModelTests"/>
  <testcase name="getData" time="0.115" classname="tests.HibernateModelTests"/>
  <testcase name="getDataErrorRecord" time="0.0020" classname="tests.HibernateModelTests"/>
  <testcase name="deleteData" time="0.033" classname="tests.HibernateModelTests"/>
  <testcase name="deleteDataAlreadyGone" time="0.0030" classname="tests.HibernateModelTests"/>
  <testcase name="insertKeyStore" time="0.07" classname="tests.HibernateModelTests"/>
  <testcase name="getDataByGuid" time="0.011" classname="tests.HibernateModelTests"/>
  <testcase name="getDataByGuidAndUserId" time="0.012" classname="tests.HibernateModelTests"/>
  <testcase name="getFieldsAndMarkAsUsed" time="0.0040" classname="tests.HibernateModelTests"/>
  <testcase name="updateKeyStatus" time="0.072" classname="tests.HibernateModelTests"/>
  <testcase name="checkIfMarked" time="0.0060" classname="tests.HibernateModelTests"/>
  <testcase name="insertFieldData" time="0.036" classname="tests.HibernateModelTests"/>
  <testcase name="updateFieldValue" time="0.032" classname="tests.HibernateModelTests"/>
  <testcase name="getFieldValue" time="0.0070" classname="tests.HibernateModelTests"/>
  <testcase name="getListOfIds" time="0.083" classname="tests.HibernateModelTests"/>
  <testcase name="deleteByCaseId" time="0.038" classname="tests.HibernateModelTests"/>
  <testcase name="insertGlobalData" time="0.316" classname="tests.HibernateModelTests"/>
  <testcase name="updateGlobalData" time="0.138" classname="tests.HibernateModelTests"/>
  <testcase name="getGlobalData" time="0.0090" classname="tests.HibernateModelTests"/>
  <testcase name="getGlobalDataByIds" time="0.209" classname="tests.HibernateModelTests"/>
  <testcase name="deleteGlobalRecords" time="0.107" classname="tests.HibernateModelTests"/>
  <testcase name="deleteByGuid" time="0.032" classname="tests.HibernateModelTests"/>
</testsuite> <!-- Default test -->
