<?xml version="1.0" encoding="UTF-8"?>
<!-- Generated by org.testng.reporters.JUnitXMLReporter -->
<testsuite hostname="uk-deepspace" name="Default test" tests="8" failures="0" timestamp="6 Nov 2012 09:30:56 GMT" time="1.481" errors="0">
  <testcase name="insertData" time="1.19" classname="tests.QuickTests"/>
  <testcase name="insertDuplicateData" time="0.028" classname="tests.QuickTests"/>
  <testcase name="updateData" time="0.082" classname="tests.QuickTests"/>
  <testcase name="updateDataNonExisting" time="0.0030" classname="tests.QuickTests"/>
  <testcase name="getData" time="0.11" classname="tests.QuickTests"/>
  <testcase name="getDataErrorRecord" time="0.0030" classname="tests.QuickTests"/>
  <testcase name="deleteData" time="0.037" classname="tests.QuickTests"/>
  <testcase name="deleteDataAlreadyGone" time="0.0030" classname="tests.QuickTests"/>
</testsuite> <!-- Default test -->
