<?xml version="1.0" encoding="UTF-8"?>
<!-- Generated by org.testng.reporters.JUnitXMLReporter -->
<testsuite hostname="uk-deepspace" name="Default test" tests="3" failures="0" timestamp="4 Nov 2012 22:21:38 GMT" time="0.46" errors="0">
  <testcase name="test" time="0.424" classname="com.bpmlite.testclient.EmsTests"/>
  <testcase name="testSetUsersDetails" time="0.0010" classname="com.bpmlite.testclient.EmsTests"/>
  <testcase name="testWorkItemKeyDetails" time="0.02" classname="com.bpmlite.testclient.EmsTests"/>
</testsuite> <!-- Default test -->
