<?xml version="1.0" encoding="UTF-8"?>
<testng-results skipped="0" failed="0" total="1" passed="1">
  <reporter-output>
  </reporter-output>
  <suite name="Default suite" duration-ms="554" started-at="2012-11-12T10:09:05Z" finished-at="2012-11-12T10:09:06Z">
    <groups>
    </groups>
    <test name="Default test" duration-ms="554" started-at="2012-11-12T10:09:05Z" finished-at="2012-11-12T10:09:06Z">
      <class name="com.bpmlite.testclient.BpmLiteServerTest">
        <test-method status="PASS" signature="quickTest()[pri:0, instance:com.bpmlite.testclient.BpmLiteServerTest@5464ea66]" name="quickTest" duration-ms="527" started-at="2012-11-12T10:09:05Z" finished-at="2012-11-12T10:09:06Z">
          <reporter-output>
          </reporter-output>
        </test-method> <!-- quickTest -->
      </class> <!-- com.bpmlite.testclient.BpmLiteServerTest -->
    </test> <!-- Default test -->
  </suite> <!-- Default suite -->
</testng-results>
