<?xml version="1.0" encoding="UTF-8"?>
<testng-results skipped="0" failed="0" total="1" passed="1">
  <reporter-output>
  </reporter-output>
  <suite name="Default suite" duration-ms="147" started-at="2012-12-07T09:23:32Z" finished-at="2012-12-07T09:23:32Z">
    <groups>
    </groups>
    <test name="Default test" duration-ms="147" started-at="2012-12-07T09:23:32Z" finished-at="2012-12-07T09:23:32Z">
      <class name="com.bpmlite.testclient.BpmLiteServerTest">
        <test-method status="PASS" signature="quickEms()[pri:0, instance:com.bpmlite.testclient.BpmLiteServerTest@2c79a2e7]" name="quickEms" duration-ms="131" started-at="2012-12-07T09:23:32Z" finished-at="2012-12-07T09:23:32Z">
          <reporter-output>
          </reporter-output>
        </test-method> <!-- quickEms -->
      </class> <!-- com.bpmlite.testclient.BpmLiteServerTest -->
    </test> <!-- Default test -->
  </suite> <!-- Default suite -->
</testng-results>
